<?xml version="1.0" encoding="UTF-8"?>
<!-- Generated by org.testng.reporters.JUnitReportReporter -->
<testsuite hostname="SANU" failures="0" tests="2" name="test.Screenshot_test" time="10.375" errors="0" timestamp="2025-04-07T12:54:26 IST" skipped="0">
  <testcase classname="test.Screenshot_test" name="test2" time="2.562"/>
  <testcase classname="test.Screenshot_test" name="test" time="7.813"/>
</testsuite> <!-- test.Screenshot_test -->
