<?xml version="1.0" encoding="UTF-8"?>
<!-- Generated by org.testng.reporters.JUnitReportReporter -->
<testsuite hostname="SANU" failures="0" tests="2" name="test.Crossbrowser_test" time="14.786" errors="0" timestamp="2025-04-07T12:54:26 IST" skipped="0">
  <testcase classname="test.Crossbrowser_test" name="url" time="8.153"/>
  <testcase classname="test.Crossbrowser_test" name="url" time="6.633"/>
</testsuite> <!-- test.Crossbrowser_test -->
