<?xml version="1.0" encoding="UTF-8"?>
<!-- Generated by org.testng.reporters.JUnitReportReporter -->
<testsuite hostname="SANU" failures="0" tests="1" name="test.registertest" time="3.278" errors="0" timestamp="2025-03-22T20:13:04 IST" skipped="0">
  <testcase classname="test.registertest" name="test" time="3.278"/>
</testsuite> <!-- test.registertest -->
