<?xml version="1.0" encoding="UTF-8"?>
<!-- Generated by org.testng.reporters.JUnitReportReporter -->
<testsuite hostname="SANU" failures="0" tests="1" name="test.Datadriven_test" time="36.015" errors="0" timestamp="2025-04-07T12:54:26 IST" skipped="0">
  <testcase classname="test.Datadriven_test" name="test" time="36.015"/>
</testsuite> <!-- test.Datadriven_test -->
