<?xml version="1.0" encoding="UTF-8"?>
<!-- Generated by org.testng.reporters.JUnitReportReporter -->
<testsuite hostname="SANU" failures="0" tests="2" name="test.Verificationtest" time="5.091" errors="0" timestamp="2025-04-04T15:55:59 IST" skipped="0">
  <testcase classname="test.Verificationtest" name="test" time="3.981"/>
  <testcase classname="test.Verificationtest" name="windwhandle" time="1.110"/>
</testsuite> <!-- test.Verificationtest -->
