<?xml version="1.0" encoding="UTF-8"?>
<!-- Generated by org.testng.reporters.JUnitReportReporter -->
<testsuite hostname="SANU" failures="0" tests="2" name="test.Verification_test" time="6.712" errors="0" timestamp="2025-04-07T12:54:26 IST" skipped="0">
  <testcase classname="test.Verification_test" name="test" time="4.794"/>
  <testcase classname="test.Verification_test" name="windwhandle" time="1.918"/>
</testsuite> <!-- test.Verification_test -->
