<?xml version="1.0" encoding="UTF-8"?>
<!-- Generated by org.testng.reporters.JUnitReportReporter -->
<testsuite hostname="SANU" failures="0" tests="2" name="test.screensht2" time="27.509" errors="0" timestamp="2025-04-04T15:55:59 IST" skipped="0">
  <testcase classname="test.screensht2" name="test" time="24.595"/>
  <testcase classname="test.screensht2" name="test2" time="2.914"/>
</testsuite> <!-- test.screensht2 -->
