<?xml version="1.0" encoding="UTF-8"?>
<!-- Generated by org.testng.reporters.JUnitReportReporter -->
<testsuite hostname="SANU" failures="0" tests="1" name="test.Datadrivntest" time="36.822" errors="0" timestamp="2025-04-04T15:55:59 IST" skipped="0">
  <testcase classname="test.Datadrivntest" name="test" time="36.822"/>
</testsuite> <!-- test.Datadrivntest -->
